This file contains any messages produced by compilers while
running configure, to aid debugging if configure makes a mistake.

It was created by unity-gtk-module configure 0, which was
generated by GNU Autoconf 2.69.  Invocation command line was

  $ ./configure 

## --------- ##
## Platform. ##
## --------- ##

hostname = attente
uname -m = x86_64
uname -r = 3.5.0-17-generic
uname -s = Linux
uname -v = #28-Ubuntu SMP Tue Oct 9 19:31:23 UTC 2012

/usr/bin/uname -p = unknown
/bin/uname -X     = unknown

/bin/arch              = unknown
/usr/bin/arch -k       = unknown
/usr/convex/getsysinfo = unknown
/usr/bin/hostinfo      = unknown
/bin/machine           = unknown
/usr/bin/oslevel       = unknown
/bin/universe          = unknown

PATH: /home/william/Code/git-bz
PATH: /home/william/Code/jhbuild/install/bin
PATH: /home/william/Code/git-bz
PATH: /home/william/.bin
PATH: /usr/lib/lightdm/lightdm
PATH: /usr/local/sbin
PATH: /usr/local/bin
PATH: /usr/sbin
PATH: /usr/bin
PATH: /sbin
PATH: /bin
PATH: /usr/games
PATH: /usr/local/games


## ----------- ##
## Core tests. ##
## ----------- ##

configure:2255: checking for a BSD-compatible install
configure:2323: result: /home/william/.local/bin/install-check
configure:2334: checking whether build environment is sane
configure:2384: result: yes
configure:2525: checking for a thread-safe mkdir -p
configure:2564: result: /bin/mkdir -p
configure:2577: checking for gawk
configure:2607: result: no
configure:2577: checking for mawk
configure:2593: found /usr/bin/mawk
configure:2604: result: mawk
configure:2615: checking whether make sets $(MAKE)
configure:2637: result: yes
configure:2728: checking whether make supports nested variables
configure:2745: result: yes
configure:2787: checking build system type
configure:2801: result: x86_64-unknown-linux-gnu
configure:2821: checking host system type
configure:2834: result: x86_64-unknown-linux-gnu
configure:2875: checking how to print strings
configure:2902: result: printf
configure:2935: checking for style of include used by make
configure:2963: result: GNU
configure:3034: checking for gcc
configure:3050: found /usr/bin/gcc
configure:3061: result: gcc
configure:3290: checking for C compiler version
configure:3299: gcc --version >&5
gcc-4.7.real (Ubuntu/Linaro 4.7.2-2ubuntu1) 4.7.2
Copyright (C) 2012 Free Software Foundation, Inc.
This is free software; see the source for copying conditions.  There is NO
warranty; not even for MERCHANTABILITY or FITNESS FOR A PARTICULAR PURPOSE.

configure:3310: $? = 0
configure:3299: gcc -v >&5
Using built-in specs.
COLLECT_GCC=/usr/bin/gcc-4.7.real
COLLECT_LTO_WRAPPER=/usr/lib/gcc/x86_64-linux-gnu/4.7/lto-wrapper
Target: x86_64-linux-gnu
Configured with: ../src/configure -v --with-pkgversion='Ubuntu/Linaro 4.7.2-2ubuntu1' --with-bugurl=file:///usr/share/doc/gcc-4.7/README.Bugs --enable-languages=c,c++,go,fortran,objc,obj-c++ --prefix=/usr --program-suffix=-4.7 --enable-shared --enable-linker-build-id --with-system-zlib --libexecdir=/usr/lib --without-included-gettext --enable-threads=posix --with-gxx-include-dir=/usr/include/c++/4.7 --libdir=/usr/lib --enable-nls --with-sysroot=/ --enable-clocale=gnu --enable-libstdcxx-debug --enable-libstdcxx-time=yes --enable-gnu-unique-object --enable-plugin --enable-objc-gc --disable-werror --with-arch-32=i686 --with-tune=generic --enable-checking=release --build=x86_64-linux-gnu --host=x86_64-linux-gnu --target=x86_64-linux-gnu
Thread model: posix
gcc version 4.7.2 (Ubuntu/Linaro 4.7.2-2ubuntu1) 
configure:3310: $? = 0
configure:3299: gcc -V >&5
gcc-4.7.real: error: unrecognized command line option '-V'
gcc-4.7.real: fatal error: no input files
compilation terminated.
configure:3310: $? = 4
configure:3299: gcc -qversion >&5
gcc-4.7.real: error: unrecognized command line option '-qversion'
gcc-4.7.real: fatal error: no input files
compilation terminated.
configure:3310: $? = 4
configure:3330: checking whether the C compiler works
configure:3352: gcc -Wno-error=deprecated-declarations -O0 -ggdb3  -L/home/william/Code/jhbuild/install/lib  conftest.c  >&5
configure:3356: $? = 0
configure:3404: result: yes
configure:3407: checking for C compiler default output file name
configure:3409: result: a.out
configure:3415: checking for suffix of executables
configure:3422: gcc -o conftest -Wno-error=deprecated-declarations -O0 -ggdb3  -L/home/william/Code/jhbuild/install/lib  conftest.c  >&5
configure:3426: $? = 0
configure:3448: result: 
configure:3470: checking whether we are cross compiling
configure:3478: gcc -o conftest -Wno-error=deprecated-declarations -O0 -ggdb3  -L/home/william/Code/jhbuild/install/lib  conftest.c  >&5
configure:3482: $? = 0
configure:3489: ./conftest
configure:3493: $? = 0
configure:3508: result: no
configure:3513: checking for suffix of object files
configure:3535: gcc -c -Wno-error=deprecated-declarations -O0 -ggdb3  conftest.c >&5
configure:3539: $? = 0
configure:3560: result: o
configure:3564: checking whether we are using the GNU C compiler
configure:3583: gcc -c -Wno-error=deprecated-declarations -O0 -ggdb3  conftest.c >&5
configure:3583: $? = 0
configure:3592: result: yes
configure:3601: checking whether gcc accepts -g
configure:3621: gcc -c -g  conftest.c >&5
configure:3621: $? = 0
configure:3662: result: yes
configure:3679: checking for gcc option to accept ISO C89
configure:3742: gcc  -c -Wno-error=deprecated-declarations -O0 -ggdb3  conftest.c >&5
configure:3742: $? = 0
configure:3755: result: none needed
configure:3777: checking dependency style of gcc
configure:3888: result: gcc3
configure:3903: checking for a sed that does not truncate output
configure:3967: result: /bin/sed
configure:3985: checking for grep that handles long lines and -e
configure:4043: result: /bin/grep
configure:4048: checking for egrep
configure:4110: result: /bin/grep -E
configure:4115: checking for fgrep
configure:4177: result: /bin/grep -F
configure:4212: checking for ld used by gcc
configure:4279: result: /usr/bin/ld
configure:4286: checking if the linker (/usr/bin/ld) is GNU ld
configure:4301: result: yes
configure:4313: checking for BSD- or MS-compatible name lister (nm)
configure:4362: result: /usr/bin/nm -B
configure:4492: checking the name lister (/usr/bin/nm -B) interface
configure:4499: gcc -c -Wno-error=deprecated-declarations -O0 -ggdb3  conftest.c >&5
configure:4502: /usr/bin/nm -B "conftest.o"
configure:4505: output
0000000000000000 B some_variable
0000000000000000 n wm4.1.9fee3f0c9fb309fd2cd2b7d1b4a380c7
configure:4512: result: BSD nm
configure:4515: checking whether ln -s works
configure:4519: result: yes
configure:4527: checking the maximum length of command line arguments
configure:4657: result: 1572864
configure:4674: checking whether the shell understands some XSI constructs
configure:4684: result: yes
configure:4688: checking whether the shell understands "+="
configure:4694: result: yes
configure:4729: checking how to convert x86_64-unknown-linux-gnu file names to x86_64-unknown-linux-gnu format
configure:4769: result: func_convert_file_noop
configure:4776: checking how to convert x86_64-unknown-linux-gnu file names to toolchain format
configure:4796: result: func_convert_file_noop
configure:4803: checking for /usr/bin/ld option to reload object files
configure:4810: result: -r
configure:4884: checking for objdump
configure:4900: found /usr/bin/objdump
configure:4911: result: objdump
configure:4943: checking how to recognize dependent libraries
configure:5145: result: pass_all
configure:5230: checking for dlltool
configure:5260: result: no
configure:5290: checking how to associate runtime and link libraries
configure:5317: result: printf %s\n
configure:5378: checking for ar
configure:5394: found /usr/bin/ar
configure:5405: result: ar
configure:5442: checking for archiver @FILE support
configure:5459: gcc -c -Wno-error=deprecated-declarations -O0 -ggdb3  conftest.c >&5
configure:5459: $? = 0
configure:5462: ar cru libconftest.a @conftest.lst >&5
configure:5465: $? = 0
configure:5470: ar cru libconftest.a @conftest.lst >&5
ar: conftest.o: No such file or directory
configure:5473: $? = 1
configure:5485: result: @
configure:5543: checking for strip
configure:5559: found /usr/bin/strip
configure:5570: result: strip
configure:5642: checking for ranlib
configure:5658: found /usr/bin/ranlib
configure:5669: result: ranlib
configure:5771: checking command to parse /usr/bin/nm -B output from gcc object
configure:5891: gcc -c -Wno-error=deprecated-declarations -O0 -ggdb3  conftest.c >&5
configure:5894: $? = 0
configure:5898: /usr/bin/nm -B conftest.o \| sed -n -e 's/^.*[ ]\([ABCDGIRSTW][ABCDGIRSTW]*\)[ ][ ]*\([_A-Za-z][_A-Za-z0-9]*\)$/\1 \2 \2/p' | sed '/ __gnu_lto/d' \> conftest.nm
configure:5901: $? = 0
configure:5967: gcc -o conftest -Wno-error=deprecated-declarations -O0 -ggdb3  -L/home/william/Code/jhbuild/install/lib  conftest.c conftstm.o >&5
configure:5970: $? = 0
configure:6008: result: ok
configure:6045: checking for sysroot
configure:6075: result: no
configure:6152: gcc -c -Wno-error=deprecated-declarations -O0 -ggdb3  conftest.c >&5
configure:6155: $? = 0
configure:6331: checking for mt
configure:6347: found /bin/mt
configure:6358: result: mt
configure:6381: checking if mt is a manifest tool
configure:6387: mt '-?'
configure:6395: result: no
configure:7037: checking how to run the C preprocessor
configure:7068: gcc -E  conftest.c
configure:7068: $? = 0
configure:7082: gcc -E  conftest.c
conftest.c:11:28: fatal error: ac_nonexistent.h: No such file or directory
compilation terminated.
configure:7082: $? = 1
configure: failed program was:
| /* confdefs.h */
| #define PACKAGE_NAME "unity-gtk-module"
| #define PACKAGE_TARNAME "unity-gtk-module"
| #define PACKAGE_VERSION "0"
| #define PACKAGE_STRING "unity-gtk-module 0"
| #define PACKAGE_BUGREPORT ""
| #define PACKAGE_URL ""
| #define PACKAGE "unity-gtk-module"
| #define VERSION "0"
| /* end confdefs.h.  */
| #include <ac_nonexistent.h>
configure:7107: result: gcc -E
configure:7127: gcc -E  conftest.c
configure:7127: $? = 0
configure:7141: gcc -E  conftest.c
conftest.c:11:28: fatal error: ac_nonexistent.h: No such file or directory
compilation terminated.
configure:7141: $? = 1
configure: failed program was:
| /* confdefs.h */
| #define PACKAGE_NAME "unity-gtk-module"
| #define PACKAGE_TARNAME "unity-gtk-module"
| #define PACKAGE_VERSION "0"
| #define PACKAGE_STRING "unity-gtk-module 0"
| #define PACKAGE_BUGREPORT ""
| #define PACKAGE_URL ""
| #define PACKAGE "unity-gtk-module"
| #define VERSION "0"
| /* end confdefs.h.  */
| #include <ac_nonexistent.h>
configure:7170: checking for ANSI C header files
configure:7190: gcc -c -Wno-error=deprecated-declarations -O0 -ggdb3  conftest.c >&5
configure:7190: $? = 0
configure:7263: gcc -o conftest -Wno-error=deprecated-declarations -O0 -ggdb3  -L/home/william/Code/jhbuild/install/lib  conftest.c  >&5
configure:7263: $? = 0
configure:7263: ./conftest
configure:7263: $? = 0
configure:7274: result: yes
configure:7287: checking for sys/types.h
configure:7287: gcc -c -Wno-error=deprecated-declarations -O0 -ggdb3  conftest.c >&5
configure:7287: $? = 0
configure:7287: result: yes
configure:7287: checking for sys/stat.h
configure:7287: gcc -c -Wno-error=deprecated-declarations -O0 -ggdb3  conftest.c >&5
configure:7287: $? = 0
configure:7287: result: yes
configure:7287: checking for stdlib.h
configure:7287: gcc -c -Wno-error=deprecated-declarations -O0 -ggdb3  conftest.c >&5
configure:7287: $? = 0
configure:7287: result: yes
configure:7287: checking for string.h
configure:7287: gcc -c -Wno-error=deprecated-declarations -O0 -ggdb3  conftest.c >&5
configure:7287: $? = 0
configure:7287: result: yes
configure:7287: checking for memory.h
configure:7287: gcc -c -Wno-error=deprecated-declarations -O0 -ggdb3  conftest.c >&5
configure:7287: $? = 0
configure:7287: result: yes
configure:7287: checking for strings.h
configure:7287: gcc -c -Wno-error=deprecated-declarations -O0 -ggdb3  conftest.c >&5
configure:7287: $? = 0
configure:7287: result: yes
configure:7287: checking for inttypes.h
configure:7287: gcc -c -Wno-error=deprecated-declarations -O0 -ggdb3  conftest.c >&5
configure:7287: $? = 0
configure:7287: result: yes
configure:7287: checking for stdint.h
configure:7287: gcc -c -Wno-error=deprecated-declarations -O0 -ggdb3  conftest.c >&5
configure:7287: $? = 0
configure:7287: result: yes
configure:7287: checking for unistd.h
configure:7287: gcc -c -Wno-error=deprecated-declarations -O0 -ggdb3  conftest.c >&5
configure:7287: $? = 0
configure:7287: result: yes
configure:7301: checking for dlfcn.h
configure:7301: gcc -c -Wno-error=deprecated-declarations -O0 -ggdb3  conftest.c >&5
configure:7301: $? = 0
configure:7301: result: yes
configure:7507: checking for objdir
configure:7522: result: .libs
configure:7793: checking if gcc supports -fno-rtti -fno-exceptions
configure:7811: gcc -c -Wno-error=deprecated-declarations -O0 -ggdb3  -fno-rtti -fno-exceptions conftest.c >&5
cc1: warning: command line option '-fno-rtti' is valid for C++/ObjC++ but not for C [enabled by default]
configure:7815: $? = 0
configure:7828: result: no
configure:8155: checking for gcc option to produce PIC
configure:8162: result: -fPIC -DPIC
configure:8170: checking if gcc PIC flag -fPIC -DPIC works
configure:8188: gcc -c -Wno-error=deprecated-declarations -O0 -ggdb3  -fPIC -DPIC -DPIC conftest.c >&5
configure:8192: $? = 0
configure:8205: result: yes
configure:8234: checking if gcc static flag -static works
configure:8262: result: yes
configure:8277: checking if gcc supports -c -o file.o
configure:8298: gcc -c -Wno-error=deprecated-declarations -O0 -ggdb3  -o out/conftest2.o conftest.c >&5
configure:8302: $? = 0
configure:8324: result: yes
configure:8332: checking if gcc supports -c -o file.o
configure:8379: result: yes
configure:8412: checking whether the gcc linker (/usr/bin/ld -m elf_x86_64) supports shared libraries
configure:9569: result: yes
configure:9606: checking whether -lc should be explicitly linked in
configure:9614: gcc -c -Wno-error=deprecated-declarations -O0 -ggdb3  conftest.c >&5
configure:9617: $? = 0
configure:9632: gcc -shared  -fPIC -DPIC conftest.o  -v -Wl,-soname -Wl,conftest -o conftest 2\>\&1 \| /bin/grep  -lc  \>/dev/null 2\>\&1
configure:9635: $? = 0
configure:9649: result: no
configure:9809: checking dynamic linker characteristics
configure:10320: gcc -o conftest -Wno-error=deprecated-declarations -O0 -ggdb3  -L/home/william/Code/jhbuild/install/lib  -Wl,-rpath -Wl,/foo conftest.c  >&5
configure:10320: $? = 0
configure:10554: result: GNU/Linux ld.so
configure:10661: checking how to hardcode library paths into programs
configure:10686: result: immediate
configure:11226: checking whether stripping libraries is possible
configure:11231: result: yes
configure:11266: checking if libtool supports shared libraries
configure:11268: result: yes
configure:11271: checking whether to build shared libraries
configure:11292: result: yes
configure:11295: checking whether to build static libraries
configure:11299: result: yes
configure:11338: checking for valac
configure:11356: found /home/william/Code/jhbuild/install/bin/valac
configure:11368: result: /home/william/Code/jhbuild/install/bin/valac
configure:11452: checking for gcc
configure:11479: result: gcc
configure:11708: checking for C compiler version
configure:11717: gcc --version >&5
gcc-4.7.real (Ubuntu/Linaro 4.7.2-2ubuntu1) 4.7.2
Copyright (C) 2012 Free Software Foundation, Inc.
This is free software; see the source for copying conditions.  There is NO
warranty; not even for MERCHANTABILITY or FITNESS FOR A PARTICULAR PURPOSE.

configure:11728: $? = 0
configure:11717: gcc -v >&5
Using built-in specs.
COLLECT_GCC=/usr/bin/gcc-4.7.real
COLLECT_LTO_WRAPPER=/usr/lib/gcc/x86_64-linux-gnu/4.7/lto-wrapper
Target: x86_64-linux-gnu
Configured with: ../src/configure -v --with-pkgversion='Ubuntu/Linaro 4.7.2-2ubuntu1' --with-bugurl=file:///usr/share/doc/gcc-4.7/README.Bugs --enable-languages=c,c++,go,fortran,objc,obj-c++ --prefix=/usr --program-suffix=-4.7 --enable-shared --enable-linker-build-id --with-system-zlib --libexecdir=/usr/lib --without-included-gettext --enable-threads=posix --with-gxx-include-dir=/usr/include/c++/4.7 --libdir=/usr/lib --enable-nls --with-sysroot=/ --enable-clocale=gnu --enable-libstdcxx-debug --enable-libstdcxx-time=yes --enable-gnu-unique-object --enable-plugin --enable-objc-gc --disable-werror --with-arch-32=i686 --with-tune=generic --enable-checking=release --build=x86_64-linux-gnu --host=x86_64-linux-gnu --target=x86_64-linux-gnu
Thread model: posix
gcc version 4.7.2 (Ubuntu/Linaro 4.7.2-2ubuntu1) 
configure:11728: $? = 0
configure:11717: gcc -V >&5
gcc-4.7.real: error: unrecognized command line option '-V'
gcc-4.7.real: fatal error: no input files
compilation terminated.
configure:11728: $? = 4
configure:11717: gcc -qversion >&5
gcc-4.7.real: error: unrecognized command line option '-qversion'
gcc-4.7.real: fatal error: no input files
compilation terminated.
configure:11728: $? = 4
configure:11732: checking whether we are using the GNU C compiler
configure:11760: result: yes
configure:11769: checking whether gcc accepts -g
configure:11830: result: yes
configure:11847: checking for gcc option to accept ISO C89
configure:11923: result: none needed
configure:11945: checking dependency style of gcc
configure:12056: result: gcc3
configure:12139: checking for pkg-config
configure:12157: found /usr/bin/pkg-config
configure:12169: result: /usr/bin/pkg-config
configure:12194: checking pkg-config is at least version 0.16
configure:12197: result: yes
configure:12309: checking for libwnck
configure:12316: $PKG_CONFIG --exists --print-errors "libwnck-3.0"
configure:12319: $? = 0
configure:12333: $PKG_CONFIG --exists --print-errors "libwnck-3.0"
configure:12336: $? = 0
configure:12394: result: yes
configure:12400: checking for gtk
configure:12407: $PKG_CONFIG --exists --print-errors "gtk+-3.0"
configure:12410: $? = 0
configure:12424: $PKG_CONFIG --exists --print-errors "gtk+-3.0"
configure:12427: $? = 0
configure:12485: result: yes
configure:12672: creating ./config.status

## ---------------------- ##
## Running config.status. ##
## ---------------------- ##

This file was extended by unity-gtk-module config.status 0, which was
generated by GNU Autoconf 2.69.  Invocation command line was

  CONFIG_FILES    = 
  CONFIG_HEADERS  = 
  CONFIG_LINKS    = 
  CONFIG_COMMANDS = 
  $ ./config.status 

on attente

config.status:1071: creating data/Makefile
config.status:1071: creating src/Makefile
config.status:1071: creating demos/Makefile
config.status:1071: creating Makefile
config.status:1243: executing depfiles commands
config.status:1243: executing libtool commands

## ---------------- ##
## Cache variables. ##
## ---------------- ##

ac_cv_build=x86_64-unknown-linux-gnu
ac_cv_c_compiler_gnu=yes
ac_cv_env_CC_set=
ac_cv_env_CC_value=
ac_cv_env_CFLAGS_set=set
ac_cv_env_CFLAGS_value='-Wno-error=deprecated-declarations -O0 -ggdb3'
ac_cv_env_CPPFLAGS_set=
ac_cv_env_CPPFLAGS_value=
ac_cv_env_CPP_set=
ac_cv_env_CPP_value=
ac_cv_env_LDFLAGS_set=set
ac_cv_env_LDFLAGS_value='-L/home/william/Code/jhbuild/install/lib '
ac_cv_env_LIBS_set=
ac_cv_env_LIBS_value=
ac_cv_env_PKG_CONFIG_LIBDIR_set=
ac_cv_env_PKG_CONFIG_LIBDIR_value=
ac_cv_env_PKG_CONFIG_PATH_set=set
ac_cv_env_PKG_CONFIG_PATH_value=/home/william/Code/jhbuild/install/lib/pkgconfig:/home/william/Code/jhbuild/install/share/pkgconfig:/usr/lib/pkgconfig:/usr/share/pkgconfig
ac_cv_env_PKG_CONFIG_set=
ac_cv_env_PKG_CONFIG_value=
ac_cv_env_build_alias_set=
ac_cv_env_build_alias_value=
ac_cv_env_gtk_CFLAGS_set=
ac_cv_env_gtk_CFLAGS_value=
ac_cv_env_gtk_LIBS_set=
ac_cv_env_gtk_LIBS_value=
ac_cv_env_host_alias_set=
ac_cv_env_host_alias_value=
ac_cv_env_libwnck_CFLAGS_set=
ac_cv_env_libwnck_CFLAGS_value=
ac_cv_env_libwnck_LIBS_set=
ac_cv_env_libwnck_LIBS_value=
ac_cv_env_target_alias_set=
ac_cv_env_target_alias_value=
ac_cv_header_dlfcn_h=yes
ac_cv_header_inttypes_h=yes
ac_cv_header_memory_h=yes
ac_cv_header_stdc=yes
ac_cv_header_stdint_h=yes
ac_cv_header_stdlib_h=yes
ac_cv_header_string_h=yes
ac_cv_header_strings_h=yes
ac_cv_header_sys_stat_h=yes
ac_cv_header_sys_types_h=yes
ac_cv_header_unistd_h=yes
ac_cv_host=x86_64-unknown-linux-gnu
ac_cv_objext=o
ac_cv_path_EGREP='/bin/grep -E'
ac_cv_path_FGREP='/bin/grep -F'
ac_cv_path_GREP=/bin/grep
ac_cv_path_SED=/bin/sed
ac_cv_path_VALAC=/home/william/Code/jhbuild/install/bin/valac
ac_cv_path_ac_pt_PKG_CONFIG=/usr/bin/pkg-config
ac_cv_path_mkdir=/bin/mkdir
ac_cv_prog_AWK=mawk
ac_cv_prog_CPP='gcc -E'
ac_cv_prog_ac_ct_AR=ar
ac_cv_prog_ac_ct_CC=gcc
ac_cv_prog_ac_ct_MANIFEST_TOOL=mt
ac_cv_prog_ac_ct_OBJDUMP=objdump
ac_cv_prog_ac_ct_RANLIB=ranlib
ac_cv_prog_ac_ct_STRIP=strip
ac_cv_prog_cc_c89=
ac_cv_prog_cc_g=yes
ac_cv_prog_make_make_set=yes
am_cv_CC_dependencies_compiler_type=gcc3
am_cv_make_support_nested_variables=yes
lt_cv_ar_at_file=@
lt_cv_archive_cmds_need_lc=no
lt_cv_deplibs_check_method=pass_all
lt_cv_file_magic_cmd='$MAGIC_CMD'
lt_cv_file_magic_test_file=
lt_cv_ld_reload_flag=-r
lt_cv_nm_interface='BSD nm'
lt_cv_objdir=.libs
lt_cv_path_LD=/usr/bin/ld
lt_cv_path_NM='/usr/bin/nm -B'
lt_cv_path_mainfest_tool=no
lt_cv_prog_compiler_c_o=yes
lt_cv_prog_compiler_pic='-fPIC -DPIC'
lt_cv_prog_compiler_pic_works=yes
lt_cv_prog_compiler_rtti_exceptions=no
lt_cv_prog_compiler_static_works=yes
lt_cv_prog_gnu_ld=yes
lt_cv_sharedlib_from_linklib_cmd='printf %s\n'
lt_cv_shlibpath_overrides_runpath=no
lt_cv_sys_global_symbol_pipe='sed -n -e '\''s/^.*[	 ]\([ABCDGIRSTW][ABCDGIRSTW]*\)[	 ][	 ]*\([_A-Za-z][_A-Za-z0-9]*\)$/\1 \2 \2/p'\'' | sed '\''/ __gnu_lto/d'\'''
lt_cv_sys_global_symbol_to_c_name_address='sed -n -e '\''s/^: \([^ ]*\)[ ]*$/  {\"\1\", (void *) 0},/p'\'' -e '\''s/^[ABCDGIRSTW]* \([^ ]*\) \([^ ]*\)$/  {"\2", (void *) \&\2},/p'\'''
lt_cv_sys_global_symbol_to_c_name_address_lib_prefix='sed -n -e '\''s/^: \([^ ]*\)[ ]*$/  {\"\1\", (void *) 0},/p'\'' -e '\''s/^[ABCDGIRSTW]* \([^ ]*\) \(lib[^ ]*\)$/  {"\2", (void *) \&\2},/p'\'' -e '\''s/^[ABCDGIRSTW]* \([^ ]*\) \([^ ]*\)$/  {"lib\2", (void *) \&\2},/p'\'''
lt_cv_sys_global_symbol_to_cdecl='sed -n -e '\''s/^T .* \(.*\)$/extern int \1();/p'\'' -e '\''s/^[ABCDGIRSTW]* .* \(.*\)$/extern char \1;/p'\'''
lt_cv_sys_max_cmd_len=1572864
lt_cv_to_host_file_cmd=func_convert_file_noop
lt_cv_to_tool_file_cmd=func_convert_file_noop
pkg_cv_gtk_CFLAGS='-pthread -I/home/william/Code/jhbuild/install/include/gtk-3.0 -I/home/william/Code/jhbuild/install/include/atk-1.0 -I/home/william/Code/jhbuild/install/include/at-spi2-atk/2.0 -I/home/william/Code/jhbuild/install/include/pango-1.0 -I/home/william/Code/jhbuild/install/include/gio-unix-2.0/ -I/home/william/Code/jhbuild/install/include/gdk-pixbuf-2.0 -I/home/william/Code/jhbuild/install/include/glib-2.0 -I/home/william/Code/jhbuild/install/lib/glib-2.0/include -I/home/william/Code/jhbuild/install/include/harfbuzz -I/usr/include/cairo -I/usr/include/freetype2 -I/usr/include/pixman-1 -I/usr/include/libpng12  '
pkg_cv_gtk_LIBS='-L/home/william/Code/jhbuild/install/lib -lgtk-3 -lgdk-3 -latk-1.0 -lgio-2.0 -lpangocairo-1.0 -lgdk_pixbuf-2.0 -lcairo-gobject -lpango-1.0 -lcairo -lgobject-2.0 -lglib-2.0  '
pkg_cv_libwnck_CFLAGS='-pthread -I/home/william/Code/jhbuild/install/include/pango-1.0 -I/home/william/Code/jhbuild/install/include/glib-2.0 -I/home/william/Code/jhbuild/install/lib/glib-2.0/include -I/home/william/Code/jhbuild/install/include/gtk-3.0 -I/home/william/Code/jhbuild/install/include/atk-1.0 -I/home/william/Code/jhbuild/install/include/at-spi2-atk/2.0 -I/home/william/Code/jhbuild/install/include/gio-unix-2.0/ -I/home/william/Code/jhbuild/install/include/gdk-pixbuf-2.0 -I/home/william/Code/jhbuild/install/include/harfbuzz -I/usr/include/libwnck-3.0 -I/usr/include/cairo -I/usr/include/startup-notification-1.0 -I/usr/include/pixman-1 -I/usr/include/freetype2 -I/usr/include/libpng12  '
pkg_cv_libwnck_LIBS='-L/home/william/Code/jhbuild/install/lib -lwnck-3 -lgtk-3 -lgdk-3 -latk-1.0 -lgio-2.0 -lpangocairo-1.0 -lgdk_pixbuf-2.0 -lcairo-gobject -lpango-1.0 -lcairo -lgobject-2.0 -lglib-2.0  '

## ----------------- ##
## Output variables. ##
## ----------------- ##










		$(INSTALL_DATA) $^ "$(DESTDIR)$(gsettingsschemadir)"; \
		test -n "$(GSETTINGS_DISABLE_SCHEMAS_COMPILE)$(DESTDIR)" || $(GLIB_COMPILE_SCHEMAS) $(gsettingsschemadir); \
		test -z "$(gsettingsschemadir)" || $(MKDIR_P) "$(DESTDIR)$(gsettingsschemadir)"; \
	$(AM_V_GEN) glib-mkenums --comments '\''<!-- @comment@ -->'\'' --fhead "<schemalist>" --vhead "  <@type@ id='\''$(gsettings_ENUM_NAMESPACE).@EnumName@'\''>" --vprod "    <value nick='\''@valuenick@'\'' value='\''@valuenum@'\''/>" --vtail "  </@type@>" --ftail "</schemalist>" $^ > $@.tmp && mv $@.tmp $@
	$(AM_V_GEN) if test -f "$<"; then d=; else d="$(srcdir)/"; fi; $(GLIB_COMPILE_SCHEMAS) --strict --dry-run $(addprefix --schema-file=,$(gsettings__enum_file)) --schema-file=$${d}$< && touch $@
	@$(NORMAL_INSTALL)
	@$(NORMAL_UNINSTALL)
	@list='\''$(gsettings_SCHEMAS) $(gsettings__enum_file)'\''; test -n "$(gsettingsschemadir)" || list=; \
	cd "$(DESTDIR)$(gsettingsschemadir)" && rm -f $$files
	echo " ( cd '\''$(DESTDIR)$(gsettingsschemadir)'\'' && rm -f" $$files ")"; \
	fi
	files=`for p in $$list; do echo $$p; done | sed -e '\''s|^.*/||'\''`; \
	if test -n "$^"; then \
	rm -f $(gsettings_SCHEMAS:.xml=.valid) $(gsettings__enum_file)
	test -n "$$files" || exit 0; \
	test -n "$(GSETTINGS_DISABLE_SCHEMAS_COMPILE)$(DESTDIR)" || $(GLIB_COMPILE_SCHEMAS) $(gsettingsschemadir)
$(gsettings__enum_file): $(gsettings_ENUM_FILES)
%.gschema.valid: %.gschema.xml $(gsettings__enum_file)
.PHONY : uninstall-gsettings-schemas install-gsettings-schemas clean-gsettings-schemas
.SECONDARY: $(gsettings_SCHEMAS)
ACLOCAL='${SHELL} /home/william/Code/unity-gtk-module/build-aux/missing --run aclocal-1.11'
AMDEPBACKSLASH='\'
AMDEP_FALSE='#'
AMDEP_TRUE=''
AMTAR='$${TAR-tar}'
AM_BACKSLASH='\'
AM_DEFAULT_V='$(AM_DEFAULT_VERBOSITY)'
AM_DEFAULT_VERBOSITY='0'
AM_V='$(V)'
AR='ar'
AUTOCONF='${SHELL} /home/william/Code/unity-gtk-module/build-aux/missing --run autoconf'
AUTOHEADER='${SHELL} /home/william/Code/unity-gtk-module/build-aux/missing --run autoheader'
AUTOMAKE='${SHELL} /home/william/Code/unity-gtk-module/build-aux/missing --run automake-1.11'
AWK='mawk'
CC='gcc'
CCDEPMODE='depmode=gcc3'
CFLAGS='-Wno-error=deprecated-declarations -O0 -ggdb3'
CPP='gcc -E'
CPPFLAGS=''
CYGPATH_W='echo'
DEFS='-DPACKAGE_NAME=\"unity-gtk-module\" -DPACKAGE_TARNAME=\"unity-gtk-module\" -DPACKAGE_VERSION=\"0\" -DPACKAGE_STRING=\"unity-gtk-module\ 0\" -DPACKAGE_BUGREPORT=\"\" -DPACKAGE_URL=\"\" -DPACKAGE=\"unity-gtk-module\" -DVERSION=\"0\" -DSTDC_HEADERS=1 -DHAVE_SYS_TYPES_H=1 -DHAVE_SYS_STAT_H=1 -DHAVE_STDLIB_H=1 -DHAVE_STRING_H=1 -DHAVE_MEMORY_H=1 -DHAVE_STRINGS_H=1 -DHAVE_INTTYPES_H=1 -DHAVE_STDINT_H=1 -DHAVE_UNISTD_H=1 -DHAVE_DLFCN_H=1 -DLT_OBJDIR=\".libs/\"'
DEPDIR='.deps'
DLLTOOL='false'
DSYMUTIL=''
DUMPBIN=''
ECHO_C=''
ECHO_N='-n'
ECHO_T=''
EGREP='/bin/grep -E'
EXEEXT=''
FGREP='/bin/grep -F'
GLIB_COMPILE_SCHEMAS='glib-compile-schemas'
GREP='/bin/grep'
GSETTINGS_DISABLE_SCHEMAS_COMPILE=''
GSETTINGS_RULES='
INSTALL_DATA='${INSTALL} -m 644'
INSTALL_PROGRAM='${INSTALL}'
INSTALL_SCRIPT='${INSTALL}'
INSTALL_STRIP_PROGRAM='$(install_sh) -c -s'
LD='/usr/bin/ld -m elf_x86_64'
LDFLAGS='-L/home/william/Code/jhbuild/install/lib '
LIBOBJS=''
LIBS=''
LIBTOOL='$(SHELL) $(top_builddir)/libtool'
LIPO=''
LN_S='ln -s'
LTLIBOBJS=''
MAKEINFO='${SHELL} /home/william/Code/unity-gtk-module/build-aux/missing --run makeinfo'
MANIFEST_TOOL=':'
MKDIR_P='/bin/mkdir -p'
NM='/usr/bin/nm -B'
NMEDIT=''
OBJDUMP='objdump'
OBJEXT='o'
OTOOL64=''
OTOOL=''
PACKAGE='unity-gtk-module'
PACKAGE_BUGREPORT=''
PACKAGE_NAME='unity-gtk-module'
PACKAGE_STRING='unity-gtk-module 0'
PACKAGE_TARNAME='unity-gtk-module'
PACKAGE_URL=''
PACKAGE_VERSION='0'
PATH_SEPARATOR=':'
PKG_CONFIG='/usr/bin/pkg-config'
PKG_CONFIG_LIBDIR=''
PKG_CONFIG_PATH='/home/william/Code/jhbuild/install/lib/pkgconfig:/home/william/Code/jhbuild/install/share/pkgconfig:/usr/lib/pkgconfig:/usr/share/pkgconfig'
RANLIB='ranlib'
SED='/bin/sed'
SET_MAKE=''
SHELL='/bin/bash'
STRIP='strip'
VALAC='/home/william/Code/jhbuild/install/bin/valac'
VERSION='0'
ac_ct_AR='ar'
ac_ct_CC='gcc'
ac_ct_DUMPBIN=''
all-am: $(gsettings_SCHEMAS:.xml=.valid)
am__EXEEXT_FALSE=''
am__EXEEXT_TRUE='#'
am__fastdepCC_FALSE='#'
am__fastdepCC_TRUE=''
am__include='include'
am__isrc=''
am__leading_dot='.'
am__nodep='_no'
am__quote=''
am__tar='$${TAR-tar} chof - "$$tardir"'
am__untar='$${TAR-tar} xf -'
bindir='${exec_prefix}/bin'
build='x86_64-unknown-linux-gnu'
build_alias=''
build_cpu='x86_64'
build_os='linux-gnu'
build_vendor='unknown'
clean-gsettings-schemas:
datadir='${datarootdir}'
datarootdir='${prefix}/share'
docdir='${datarootdir}/doc/${PACKAGE_TARNAME}'
dvidir='${docdir}'
endif'
exec_prefix='${prefix}'
gsettings__enum_file = $(addsuffix .enums.xml,$(gsettings_ENUM_NAMESPACE))
gsettingsschemadir='${datarootdir}/glib-2.0/schemas'
gtk_CFLAGS='-pthread -I/home/william/Code/jhbuild/install/include/gtk-3.0 -I/home/william/Code/jhbuild/install/include/atk-1.0 -I/home/william/Code/jhbuild/install/include/at-spi2-atk/2.0 -I/home/william/Code/jhbuild/install/include/pango-1.0 -I/home/william/Code/jhbuild/install/include/gio-unix-2.0/ -I/home/william/Code/jhbuild/install/include/gdk-pixbuf-2.0 -I/home/william/Code/jhbuild/install/include/glib-2.0 -I/home/william/Code/jhbuild/install/lib/glib-2.0/include -I/home/william/Code/jhbuild/install/include/harfbuzz -I/usr/include/cairo -I/usr/include/freetype2 -I/usr/include/pixman-1 -I/usr/include/libpng12  '
gtk_LIBS='-L/home/william/Code/jhbuild/install/lib -lgtk-3 -lgdk-3 -latk-1.0 -lgio-2.0 -lpangocairo-1.0 -lgdk_pixbuf-2.0 -lcairo-gobject -lpango-1.0 -lcairo -lgobject-2.0 -lglib-2.0  '
gtkmoduledir='${exec_prefix}/lib/gtk-3.0/modules'
host='x86_64-unknown-linux-gnu'
host_alias=''
host_cpu='x86_64'
host_os='linux-gnu'
host_vendor='unknown'
htmldir='${docdir}'
ifdef gsettings_ENUM_NAMESPACE
includedir='${prefix}/include'
infodir='${datarootdir}/info'
install-data-am: install-gsettings-schemas
install-gsettings-schemas: $(gsettings_SCHEMAS) $(gsettings__enum_file)
install_sh='${SHELL} /home/william/Code/unity-gtk-module/build-aux/install-sh'
libdir='${exec_prefix}/lib'
libexecdir='${exec_prefix}/libexec'
libwnck_CFLAGS='-pthread -I/home/william/Code/jhbuild/install/include/pango-1.0 -I/home/william/Code/jhbuild/install/include/glib-2.0 -I/home/william/Code/jhbuild/install/lib/glib-2.0/include -I/home/william/Code/jhbuild/install/include/gtk-3.0 -I/home/william/Code/jhbuild/install/include/atk-1.0 -I/home/william/Code/jhbuild/install/include/at-spi2-atk/2.0 -I/home/william/Code/jhbuild/install/include/gio-unix-2.0/ -I/home/william/Code/jhbuild/install/include/gdk-pixbuf-2.0 -I/home/william/Code/jhbuild/install/include/harfbuzz -I/usr/include/libwnck-3.0 -I/usr/include/cairo -I/usr/include/startup-notification-1.0 -I/usr/include/pixman-1 -I/usr/include/freetype2 -I/usr/include/libpng12  '
libwnck_LIBS='-L/home/william/Code/jhbuild/install/lib -lwnck-3 -lgtk-3 -lgdk-3 -latk-1.0 -lgio-2.0 -lpangocairo-1.0 -lgdk_pixbuf-2.0 -lcairo-gobject -lpango-1.0 -lcairo -lgobject-2.0 -lglib-2.0  '
localedir='${datarootdir}/locale'
localstatedir='${prefix}/var'
mandir='${datarootdir}/man'
mkdir_p='/bin/mkdir -p'
mostlyclean-am: clean-gsettings-schemas
oldincludedir='/usr/include'
pdfdir='${docdir}'
prefix='/usr/local'
program_transform_name='s,x,x,'
psdir='${docdir}'
sbindir='${exec_prefix}/sbin'
sharedstatedir='${prefix}/com'
sysconfdir='${prefix}/etc'
target_alias=''
uninstall-am: uninstall-gsettings-schemas
uninstall-gsettings-schemas:

## ----------- ##
## confdefs.h. ##
## ----------- ##

/* confdefs.h */
#define PACKAGE_NAME "unity-gtk-module"
#define PACKAGE_TARNAME "unity-gtk-module"
#define PACKAGE_VERSION "0"
#define PACKAGE_STRING "unity-gtk-module 0"
#define PACKAGE_BUGREPORT ""
#define PACKAGE_URL ""
#define PACKAGE "unity-gtk-module"
#define VERSION "0"
#define STDC_HEADERS 1
#define HAVE_SYS_TYPES_H 1
#define HAVE_SYS_STAT_H 1
#define HAVE_STDLIB_H 1
#define HAVE_STRING_H 1
#define HAVE_MEMORY_H 1
#define HAVE_STRINGS_H 1
#define HAVE_INTTYPES_H 1
#define HAVE_STDINT_H 1
#define HAVE_UNISTD_H 1
#define HAVE_DLFCN_H 1
#define LT_OBJDIR ".libs/"

configure: exit 0

## ---------------------- ##
## Running config.status. ##
## ---------------------- ##

This file was extended by unity-gtk-module config.status 0, which was
generated by GNU Autoconf 2.69.  Invocation command line was

  CONFIG_FILES    = 
  CONFIG_HEADERS  = 
  CONFIG_LINKS    = 
  CONFIG_COMMANDS = 
  $ ./config.status src/Makefile depfiles

on attente

config.status:1071: creating src/Makefile
config.status:1243: executing depfiles commands

## ---------------------- ##
## Running config.status. ##
## ---------------------- ##

This file was extended by unity-gtk-module config.status 0, which was
generated by GNU Autoconf 2.69.  Invocation command line was

  CONFIG_FILES    = 
  CONFIG_HEADERS  = 
  CONFIG_LINKS    = 
  CONFIG_COMMANDS = 
  $ ./config.status src/Makefile depfiles

on attente

config.status:1071: creating src/Makefile
config.status:1243: executing depfiles commands
